=========================
      NVIDIA CUDA-Q      
=========================

Version: cu11-latest

Copyright (c) 2024 NVIDIA Corporation & Affiliates 
All rights reserved.

To run a command as administrator (user `root`), use `sudo <command>`.

hi im working
# Start Hartree-Fock computation
# hcore.shape 103
# Start CAS computation
# Energy CAS -2123.7853019321747
# Set target nvidia with options mgpu
# num gpus= 1
# Initial energy:  -2123.677687304831
# Start VQE minimization
# Num params: 8
# Qubits: 10
# N_layers: 1
# Energy after the VQE: -2123.677687304831
# Time for VQE [min]: 0.00820541779200236
# chol decomposition of hamiltonian
 # Performing modified Cholesky decomposition on ERI tensor.
# Generating Cholesky decomposition of ERIs.
# max number of cholesky vectors = 1030
# iteration     0: delta_max = 15.923150
# iteration     1: delta_max = 4.78391389e+00: time = 8.35347176e-03
# iteration     2: delta_max = 4.78277741e+00: time = 2.77638435e-02
# iteration     3: delta_max = 4.78017901e+00: time = 2.47316360e-02
# iteration     4: delta_max = 4.77433823e+00: time = 1.53040886e-02
# iteration     5: delta_max = 4.76644740e+00: time = 1.52390003e-02
# iteration     6: delta_max = 4.75426186e+00: time = 1.52456760e-02
# iteration     7: delta_max = 4.74625819e+00: time = 1.53477192e-02
# iteration     8: delta_max = 4.74389068e+00: time = 1.62472725e-02
# iteration     9: delta_max = 4.12335350e+00: time = 8.55755806e-03
# iteration    10: delta_max = 3.48075798e+00: time = 2.02181339e-02
# iteration    11: delta_max = 3.47372642e+00: time = 8.52942467e-03
# iteration    12: delta_max = 3.46753856e+00: time = 2.04350948e-02
# iteration    13: delta_max = 3.42523345e+00: time = 1.58629417e-02
# iteration    14: delta_max = 3.42454979e+00: time = 8.74018669e-03
# iteration    15: delta_max = 3.42212446e+00: time = 2.28080750e-02
# iteration    16: delta_max = 2.39982883e+00: time = 2.02281475e-02
# iteration    17: delta_max = 8.51189273e-01: time = 1.54490471e-02
# iteration    18: delta_max = 8.51188474e-01: time = 1.55518055e-02
# iteration    19: delta_max = 8.51188158e-01: time = 1.55768394e-02
# iteration    20: delta_max = 8.11478495e-01: time = 1.59411430e-02
# iteration    21: delta_max = 6.84584873e-01: time = 1.53365135e-02
# iteration    22: delta_max = 6.69227121e-01: time = 1.61628723e-02
# iteration    23: delta_max = 6.63412699e-01: time = 1.46865845e-02
# iteration    24: delta_max = 6.51505173e-01: time = 1.52957439e-02
# iteration    25: delta_max = 6.47947632e-01: time = 1.62370205e-02
# iteration    26: delta_max = 6.18546140e-01: time = 1.52564049e-02
# iteration    27: delta_max = 5.97811263e-01: time = 1.52270794e-02
# iteration    28: delta_max = 5.87617916e-01: time = 1.52540207e-02
# iteration    29: delta_max = 5.81164548e-01: time = 1.75411701e-02
# iteration    30: delta_max = 5.79525608e-01: time = 1.51298046e-02
# iteration    31: delta_max = 5.75477364e-01: time = 1.60932541e-02
# iteration    32: delta_max = 5.71387913e-01: time = 1.52869225e-02
# iteration    33: delta_max = 5.49110964e-01: time = 1.74930096e-02
# iteration    34: delta_max = 5.47713820e-01: time = 9.34171677e-03
# iteration    35: delta_max = 5.47516904e-01: time = 2.10733414e-02
# iteration    36: delta_max = 5.14860363e-01: time = 1.61182880e-02
# iteration    37: delta_max = 5.08248687e-01: time = 9.52434540e-03
# iteration    38: delta_max = 5.05776120e-01: time = 2.39837170e-02
# iteration    39: delta_max = 3.83851730e-01: time = 1.61778927e-02
# iteration    40: delta_max = 3.52033444e-01: time = 1.60501003e-02
# iteration    41: delta_max = 3.36766436e-01: time = 1.62439346e-02
# iteration    42: delta_max = 2.86621882e-01: time = 9.43231583e-03
# iteration    43: delta_max = 2.83067094e-01: time = 2.44328976e-02
# iteration    44: delta_max = 2.82517943e-01: time = 9.38248634e-03
# iteration    45: delta_max = 2.31571265e-01: time = 2.09407806e-02
# iteration    46: delta_max = 2.23726406e-01: time = 1.59924030e-02
# iteration    47: delta_max = 2.23726320e-01: time = 1.59938335e-02
# iteration    48: delta_max = 2.23726165e-01: time = 9.43088531e-03
# iteration    49: delta_max = 2.19284532e-01: time = 2.19638348e-02
# iteration    50: delta_max = 2.19192342e-01: time = 8.66889954e-03
# iteration    51: delta_max = 2.19047820e-01: time = 1.40466690e-02
# iteration    52: delta_max = 2.14382957e-01: time = 2.31928825e-02
# iteration    53: delta_max = 2.04898143e-01: time = 1.59459114e-02
# iteration    54: delta_max = 1.98480884e-01: time = 1.58622265e-02
# iteration    55: delta_max = 1.88455870e-01: time = 1.10251904e-02
# iteration    56: delta_max = 1.79415483e-01: time = 2.04997063e-02
# iteration    57: delta_max = 1.79320437e-01: time = 1.53219700e-02
# iteration    58: delta_max = 1.78220444e-01: time = 8.61024857e-03
# iteration    59: delta_max = 1.78043486e-01: time = 2.24313736e-02
# iteration    60: delta_max = 1.77928077e-01: time = 1.53675079e-02
# iteration    61: delta_max = 1.77854148e-01: time = 1.61795616e-02
# iteration    62: delta_max = 1.77683989e-01: time = 8.66866112e-03
# iteration    63: delta_max = 1.77471936e-01: time = 2.05307007e-02
# iteration    64: delta_max = 1.76771382e-01: time = 1.54347420e-02
# iteration    65: delta_max = 1.75374071e-01: time = 1.54755116e-02
# iteration    66: delta_max = 1.73426593e-01: time = 1.63736343e-02
# iteration    67: delta_max = 1.73032603e-01: time = 8.67891312e-03
# iteration    68: delta_max = 1.72341113e-01: time = 2.05328465e-02
# iteration    69: delta_max = 1.71013329e-01: time = 1.51350498e-02
# iteration    70: delta_max = 1.70977813e-01: time = 9.44471359e-03
# iteration    71: delta_max = 1.70274508e-01: time = 2.32646465e-02
# iteration    72: delta_max = 1.70002766e-01: time = 9.39893723e-03
# iteration    73: delta_max = 1.69813138e-01: time = 2.12616920e-02
# iteration    74: delta_max = 1.68658800e-01: time = 1.55854225e-02
# iteration    75: delta_max = 1.68524563e-01: time = 1.59485340e-02
# iteration    76: delta_max = 1.67619074e-01: time = 1.64794922e-02
# iteration    77: delta_max = 1.67597406e-01: time = 1.60546303e-02
# iteration    78: delta_max = 1.65391835e-01: time = 1.54769421e-02
# iteration    79: delta_max = 1.64807646e-01: time = 8.76569748e-03
# iteration    80: delta_max = 1.64118180e-01: time = 2.04143524e-02
# iteration    81: delta_max = 1.61391828e-01: time = 1.53968334e-02
# iteration    82: delta_max = 1.58725563e-01: time = 1.62067413e-02
# iteration    83: delta_max = 1.53194702e-01: time = 9.82928276e-03
# iteration    84: delta_max = 1.52637961e-01: time = 2.29427814e-02
# iteration    85: delta_max = 1.48364036e-01: time = 2.13212967e-02
# iteration    86: delta_max = 1.47484272e-01: time = 1.53560638e-02
# iteration    87: delta_max = 1.42123669e-01: time = 8.87489319e-03
# iteration    88: delta_max = 1.41289170e-01: time = 2.03776360e-02
# iteration    89: delta_max = 1.38061089e-01: time = 1.62811279e-02
# iteration    90: delta_max = 1.36531897e-01: time = 1.53660774e-02
# iteration    91: delta_max = 1.35664784e-01: time = 1.58271790e-02
# iteration    92: delta_max = 1.35013715e-01: time = 1.60086155e-02
# iteration    93: delta_max = 1.34193787e-01: time = 1.61042213e-02
# iteration    94: delta_max = 1.31561433e-01: time = 9.35554504e-03
# iteration    95: delta_max = 1.31486980e-01: time = 2.12008953e-02
# iteration    96: delta_max = 1.31180854e-01: time = 1.61707401e-02
# iteration    97: delta_max = 1.29822248e-01: time = 1.58836842e-02
# iteration    98: delta_max = 1.25492546e-01: time = 1.52716637e-02
# iteration    99: delta_max = 1.19212341e-01: time = 1.67160034e-02
# iteration   100: delta_max = 1.16883342e-01: time = 1.52747631e-02
# iteration   101: delta_max = 1.16883313e-01: time = 9.23299789e-03
# iteration   102: delta_max = 1.16883157e-01: time = 1.47101879e-02
# iteration   103: delta_max = 1.14777137e-01: time = 2.42474079e-02
# iteration   104: delta_max = 1.13874224e-01: time = 9.52053070e-03
# iteration   105: delta_max = 1.11575892e-01: time = 2.13263035e-02
# iteration   106: delta_max = 1.09156723e-01: time = 1.61881447e-02
# iteration   107: delta_max = 1.08995562e-01: time = 1.93321705e-02
# iteration   108: delta_max = 1.07800540e-01: time = 2.06594467e-02
# iteration   109: delta_max = 1.07381971e-01: time = 1.55789852e-02
# iteration   110: delta_max = 1.07251877e-01: time = 1.60052776e-02
# iteration   111: delta_max = 1.04765459e-01: time = 9.36675072e-03
# iteration   112: delta_max = 1.03301378e-01: time = 2.40156651e-02
# iteration   113: delta_max = 1.00389395e-01: time = 1.63197517e-02
# iteration   114: delta_max = 1.00365985e-01: time = 1.71680450e-02
# iteration   115: delta_max = 1.00332218e-01: time = 1.61428452e-02
# iteration   116: delta_max = 9.69582782e-02: time = 8.95595551e-03
# iteration   117: delta_max = 9.51675067e-02: time = 2.05962658e-02
# iteration   118: delta_max = 9.51137264e-02: time = 1.61209106e-02
# iteration   119: delta_max = 9.28874656e-02: time = 1.54159069e-02
# iteration   120: delta_max = 9.22402776e-02: time = 8.93068314e-03
# iteration   121: delta_max = 9.02474972e-02: time = 2.15954781e-02
# iteration   122: delta_max = 8.93356484e-02: time = 1.59921646e-02
# iteration   123: delta_max = 8.90577406e-02: time = 1.53496265e-02
# iteration   124: delta_max = 8.78448642e-02: time = 1.02434158e-02
# iteration   125: delta_max = 8.74129972e-02: time = 2.13322639e-02
# iteration   126: delta_max = 8.57939966e-02: time = 1.67036057e-02
# iteration   127: delta_max = 8.47170347e-02: time = 1.69470310e-02
# iteration   128: delta_max = 8.39788804e-02: time = 1.68349743e-02
# iteration   129: delta_max = 8.19082610e-02: time = 1.55036449e-02
# iteration   130: delta_max = 8.07359395e-02: time = 1.67400837e-02
# iteration   131: delta_max = 7.74276592e-02: time = 8.92019272e-03
# iteration   132: delta_max = 7.71928858e-02: time = 2.14269161e-02
# iteration   133: delta_max = 7.44772398e-02: time = 1.55405998e-02
# iteration   134: delta_max = 7.43458462e-02: time = 1.54235363e-02
# iteration   135: delta_max = 7.16895721e-02: time = 9.51528549e-03
# iteration   136: delta_max = 6.83142035e-02: time = 2.11679935e-02
# iteration   137: delta_max = 5.25048029e-02: time = 1.60517693e-02
# iteration   138: delta_max = 4.73307376e-02: time = 1.74498558e-02
# iteration   139: delta_max = 4.71198131e-02: time = 1.62172318e-02
# iteration   140: delta_max = 4.71139229e-02: time = 1.63447857e-02
# iteration   141: delta_max = 4.69575714e-02: time = 1.63121223e-02
# iteration   142: delta_max = 4.66913745e-02: time = 9.62162018e-03
# iteration   143: delta_max = 4.64850867e-02: time = 2.11865902e-02
# iteration   144: delta_max = 4.62787691e-02: time = 1.84953213e-02
# iteration   145: delta_max = 4.61935916e-02: time = 1.62885189e-02
# iteration   146: delta_max = 4.59915279e-02: time = 1.74317360e-02
# iteration   147: delta_max = 4.57536193e-02: time = 1.59537792e-02
# iteration   148: delta_max = 4.56834550e-02: time = 1.59773827e-02
# iteration   149: delta_max = 4.55829229e-02: time = 1.59885883e-02
# iteration   150: delta_max = 4.53421006e-02: time = 1.59199238e-02
# iteration   151: delta_max = 4.52071258e-02: time = 1.65076256e-02
# iteration   152: delta_max = 4.51685330e-02: time = 1.60768032e-02
# iteration   153: delta_max = 4.50647813e-02: time = 1.79030895e-02
# iteration   154: delta_max = 4.47934226e-02: time = 1.76422596e-02
# iteration   155: delta_max = 4.47614139e-02: time = 1.61938667e-02
# iteration   156: delta_max = 4.43180562e-02: time = 1.10049248e-02
# iteration   157: delta_max = 4.42836402e-02: time = 2.18982697e-02
# iteration   158: delta_max = 4.37842431e-02: time = 1.61421299e-02
# iteration   159: delta_max = 4.36381427e-02: time = 9.56058502e-03
# iteration   160: delta_max = 4.34558073e-02: time = 2.08809376e-02
# iteration   161: delta_max = 4.32656454e-02: time = 1.52122974e-02
# iteration   162: delta_max = 4.32584120e-02: time = 1.59134865e-02
# iteration   163: delta_max = 4.31498241e-02: time = 1.60057545e-02
# iteration   164: delta_max = 4.19359517e-02: time = 1.63683891e-02
# iteration   165: delta_max = 4.19323231e-02: time = 2.07185745e-02
# iteration   166: delta_max = 3.97151364e-02: time = 1.06148720e-02
# iteration   167: delta_max = 3.97105179e-02: time = 2.21793652e-02
# iteration   168: delta_max = 3.75590276e-02: time = 2.08921432e-02
# iteration   169: delta_max = 3.73745286e-02: time = 1.59621239e-02
# iteration   170: delta_max = 3.68893309e-02: time = 1.80056095e-02
# iteration   171: delta_max = 3.56849394e-02: time = 1.60312653e-02
# iteration   172: delta_max = 3.35822600e-02: time = 1.86862946e-02
# iteration   173: delta_max = 3.35204847e-02: time = 1.21541023e-02
# iteration   174: delta_max = 3.30976222e-02: time = 2.71487236e-02
# iteration   175: delta_max = 3.25142028e-02: time = 1.54988766e-02
# iteration   176: delta_max = 3.21425995e-02: time = 1.86505318e-02
# iteration   177: delta_max = 3.09390190e-02: time = 1.80108547e-02
# iteration   178: delta_max = 3.08426946e-02: time = 1.79283619e-02
# iteration   179: delta_max = 3.05061064e-02: time = 1.59306526e-02
# iteration   180: delta_max = 2.96757065e-02: time = 1.76219940e-02
# iteration   181: delta_max = 2.94899640e-02: time = 9.53388214e-03
# iteration   182: delta_max = 2.94490550e-02: time = 2.41479874e-02
# iteration   183: delta_max = 2.93038113e-02: time = 1.55632496e-02
# iteration   184: delta_max = 2.82803760e-02: time = 9.51957703e-03
# iteration   185: delta_max = 2.82787395e-02: time = 2.10502148e-02
# iteration   186: delta_max = 2.82142432e-02: time = 1.61471367e-02
# iteration   187: delta_max = 2.79296574e-02: time = 1.64101124e-02
# iteration   188: delta_max = 2.78430835e-02: time = 1.62239075e-02
# iteration   189: delta_max = 2.77082532e-02: time = 1.70402527e-02
# iteration   190: delta_max = 2.72377787e-02: time = 1.60331726e-02
# iteration   191: delta_max = 2.64282947e-02: time = 1.89630985e-02
# iteration   192: delta_max = 2.64227139e-02: time = 9.46807861e-03
# iteration   193: delta_max = 2.57287011e-02: time = 2.22637653e-02
# iteration   194: delta_max = 2.53881490e-02: time = 1.53460503e-02
# iteration   195: delta_max = 2.51020006e-02: time = 1.78375244e-02
# iteration   196: delta_max = 2.49891671e-02: time = 1.55315399e-02
# iteration   197: delta_max = 2.47464794e-02: time = 1.54230595e-02
# iteration   198: delta_max = 2.44937979e-02: time = 1.61511898e-02
# iteration   199: delta_max = 2.41277239e-02: time = 1.74834728e-02
# iteration   200: delta_max = 2.27595212e-02: time = 2.32212543e-02
# iteration   201: delta_max = 2.27548125e-02: time = 1.84805393e-02
# iteration   202: delta_max = 2.12133483e-02: time = 1.85253620e-02
# iteration   203: delta_max = 1.62315659e-02: time = 1.53548717e-02
# iteration   204: delta_max = 1.61737813e-02: time = 1.51953697e-02
# iteration   205: delta_max = 1.61579463e-02: time = 8.85534286e-03
# iteration   206: delta_max = 1.61456497e-02: time = 2.14068890e-02
# iteration   207: delta_max = 1.61248002e-02: time = 1.61306858e-02
# iteration   208: delta_max = 1.61230730e-02: time = 1.65357590e-02
# iteration   209: delta_max = 1.61087176e-02: time = 1.53880119e-02
# iteration   210: delta_max = 1.60875139e-02: time = 1.60102844e-02
# iteration   211: delta_max = 1.60497679e-02: time = 1.54802799e-02
# iteration   212: delta_max = 1.59934443e-02: time = 1.68309212e-02
# iteration   213: delta_max = 1.59893456e-02: time = 1.75580978e-02
# iteration   214: delta_max = 1.59420082e-02: time = 1.67167187e-02
# iteration   215: delta_max = 1.59045338e-02: time = 1.52564049e-02
# iteration   216: delta_max = 1.58516586e-02: time = 9.01079178e-03
# iteration   217: delta_max = 1.58159960e-02: time = 2.03492641e-02
# iteration   218: delta_max = 1.57751826e-02: time = 1.69801712e-02
# iteration   219: delta_max = 1.57677286e-02: time = 1.73220634e-02
# iteration   220: delta_max = 1.57474351e-02: time = 1.55999660e-02
# iteration   221: delta_max = 1.57121599e-02: time = 1.55603886e-02
# iteration   222: delta_max = 1.56452843e-02: time = 1.54757500e-02
# iteration   223: delta_max = 1.56291252e-02: time = 8.88299942e-03
# iteration   224: delta_max = 1.55349654e-02: time = 2.14514732e-02
# iteration   225: delta_max = 1.54126941e-02: time = 1.23054981e-02
# iteration   226: delta_max = 1.54000243e-02: time = 2.31738091e-02
# iteration   227: delta_max = 1.52968007e-02: time = 1.49521828e-02
# iteration   228: delta_max = 1.36460327e-02: time = 1.87728405e-02
# iteration   229: delta_max = 1.36449127e-02: time = 1.86791420e-02
# iteration   230: delta_max = 1.31198863e-02: time = 1.55177116e-02
# iteration   231: delta_max = 1.30175782e-02: time = 1.54569149e-02
# iteration   232: delta_max = 1.29704529e-02: time = 1.51793957e-02
# iteration   233: delta_max = 1.25761280e-02: time = 1.54492855e-02
# iteration   234: delta_max = 1.25546151e-02: time = 1.63958073e-02
# iteration   235: delta_max = 1.23765802e-02: time = 8.83173943e-03
# iteration   236: delta_max = 1.21729670e-02: time = 2.53808498e-02
# iteration   237: delta_max = 1.21147699e-02: time = 1.53439045e-02
# iteration   238: delta_max = 1.21063848e-02: time = 1.64511204e-02
# iteration   239: delta_max = 1.21037408e-02: time = 9.09662247e-03
# iteration   240: delta_max = 1.21000319e-02: time = 2.01308727e-02
# iteration   241: delta_max = 1.20948878e-02: time = 1.56044960e-02
# iteration   242: delta_max = 1.20892024e-02: time = 1.66521072e-02
# iteration   243: delta_max = 1.20878219e-02: time = 1.52487755e-02
# iteration   244: delta_max = 1.20552438e-02: time = 1.54953003e-02
# iteration   245: delta_max = 1.20384122e-02: time = 1.54643059e-02
# iteration   246: delta_max = 1.20233800e-02: time = 1.54223442e-02
# iteration   247: delta_max = 1.18966645e-02: time = 8.89778137e-03
# iteration   248: delta_max = 1.18119066e-02: time = 2.29165554e-02
# iteration   249: delta_max = 1.16472952e-02: time = 1.53875351e-02
# iteration   250: delta_max = 1.15767728e-02: time = 1.54275894e-02
# iteration   251: delta_max = 1.15674033e-02: time = 1.54860020e-02
# iteration   252: delta_max = 9.44847900e-03: time = 1.61991119e-02
# iteration   253: delta_max = 8.88295044e-03: time = 1.78914070e-02
# iteration   254: delta_max = 8.27276598e-03: time = 8.64720345e-03
# iteration   255: delta_max = 8.27271293e-03: time = 2.24263668e-02
# iteration   256: delta_max = 8.27016062e-03: time = 1.51922703e-02
# iteration   257: delta_max = 8.10672272e-03: time = 1.51557922e-02
# iteration   258: delta_max = 8.05822715e-03: time = 1.48732662e-02
# iteration   259: delta_max = 7.93428759e-03: time = 1.62174702e-02
# iteration   260: delta_max = 7.83319639e-03: time = 1.50737762e-02
# iteration   261: delta_max = 7.83005644e-03: time = 1.49927139e-02
# iteration   262: delta_max = 7.77391534e-03: time = 1.66513920e-02
# iteration   263: delta_max = 6.74527377e-03: time = 1.67012215e-02
# iteration   264: delta_max = 6.32331737e-03: time = 1.53617859e-02
# iteration   265: delta_max = 5.79636369e-03: time = 1.49791241e-02
# iteration   266: delta_max = 5.79332060e-03: time = 1.58681870e-02
# iteration   267: delta_max = 5.79310487e-03: time = 8.68773460e-03
# iteration   268: delta_max = 5.75849756e-03: time = 1.79858208e-02
# iteration   269: delta_max = 5.75757514e-03: time = 2.03223228e-02
# iteration   270: delta_max = 5.74442352e-03: time = 1.53853893e-02
# iteration   271: delta_max = 5.65350181e-03: time = 2.72970200e-02
# iteration   272: delta_max = 5.65349135e-03: time = 2.20980644e-02
# iteration   273: delta_max = 5.59348284e-03: time = 2.77988911e-02
# iteration   274: delta_max = 5.44280366e-03: time = 1.59115791e-02
# iteration   275: delta_max = 5.44206274e-03: time = 1.60005093e-02
# iteration   276: delta_max = 5.33899029e-03: time = 2.34453678e-02
# iteration   277: delta_max = 5.33854486e-03: time = 1.71334743e-02
# iteration   278: delta_max = 4.60455537e-03: time = 1.72383785e-02
# iteration   279: delta_max = 4.37915397e-03: time = 1.66425705e-02
# iteration   280: delta_max = 4.37909705e-03: time = 1.68690681e-02
# iteration   281: delta_max = 3.82825674e-03: time = 1.93200111e-02
# iteration   282: delta_max = 3.55180633e-03: time = 1.52754784e-02
# iteration   283: delta_max = 3.53336213e-03: time = 1.55522823e-02
# iteration   284: delta_max = 3.53226094e-03: time = 1.58376694e-02
# iteration   285: delta_max = 2.57837844e-03: time = 1.70247555e-02
# iteration   286: delta_max = 2.19460413e-03: time = 1.55527592e-02
# iteration   287: delta_max = 2.16429534e-03: time = 1.51460171e-02
# iteration   288: delta_max = 2.16158965e-03: time = 1.72798634e-02
# iteration   289: delta_max = 2.14833942e-03: time = 1.55291557e-02
# iteration   290: delta_max = 2.14766474e-03: time = 1.52459145e-02
# iteration   291: delta_max = 2.13715327e-03: time = 1.55179501e-02
# iteration   292: delta_max = 2.11490856e-03: time = 1.94282532e-02
# iteration   293: delta_max = 2.11201869e-03: time = 1.52716637e-02
# iteration   294: delta_max = 2.05786795e-03: time = 1.71217918e-02
# iteration   295: delta_max = 2.04710681e-03: time = 1.52506828e-02
# iteration   296: delta_max = 2.04415524e-03: time = 1.56161785e-02
# iteration   297: delta_max = 2.00055143e-03: time = 1.54325962e-02
# iteration   298: delta_max = 1.87933835e-03: time = 1.54900551e-02
# iteration   299: delta_max = 1.87838096e-03: time = 1.63090229e-02
# iteration   300: delta_max = 1.85935166e-03: time = 1.63080692e-02
# iteration   301: delta_max = 1.85109055e-03: time = 1.84299946e-02
# iteration   302: delta_max = 1.80328275e-03: time = 8.98981094e-03
# iteration   303: delta_max = 1.79889212e-03: time = 2.07347870e-02
# iteration   304: delta_max = 1.76006604e-03: time = 1.69548988e-02
# iteration   305: delta_max = 1.73995515e-03: time = 1.74636841e-02
# iteration   306: delta_max = 1.73664031e-03: time = 1.85992718e-02
# iteration   307: delta_max = 1.72742783e-03: time = 1.71172619e-02
# iteration   308: delta_max = 1.69541805e-03: time = 1.50182247e-02
# iteration   309: delta_max = 1.67576594e-03: time = 1.55458450e-02
# iteration   310: delta_max = 1.65390579e-03: time = 1.55324936e-02
# iteration   311: delta_max = 1.59657237e-03: time = 1.55923367e-02
# iteration   312: delta_max = 1.59009317e-03: time = 1.58607960e-02
# iteration   313: delta_max = 1.57031865e-03: time = 9.16600227e-03
# iteration   314: delta_max = 1.54556465e-03: time = 2.00090408e-02
# iteration   315: delta_max = 1.53297022e-03: time = 1.71167850e-02
# iteration   316: delta_max = 1.52473154e-03: time = 1.57098770e-02
# iteration   317: delta_max = 1.51128301e-03: time = 1.59404278e-02
# iteration   318: delta_max = 1.49166630e-03: time = 1.68778896e-02
# iteration   319: delta_max = 1.45862686e-03: time = 1.54440403e-02
# iteration   320: delta_max = 1.45153491e-03: time = 1.69692039e-02
# iteration   321: delta_max = 1.44163335e-03: time = 1.77292824e-02
# iteration   322: delta_max = 1.21049974e-03: time = 1.67748928e-02
# iteration   323: delta_max = 1.19775880e-03: time = 1.71740055e-02
# iteration   324: delta_max = 1.19188013e-03: time = 1.71117783e-02
# iteration   325: delta_max = 9.42317959e-04: time = 1.57313347e-02
# iteration   326: delta_max = 9.33976870e-04: time = 1.86493397e-02
# iteration   327: delta_max = 9.31961825e-04: time = 1.58674717e-02
# iteration   328: delta_max = 9.19615395e-04: time = 1.55885220e-02
# iteration   329: delta_max = 9.16751815e-04: time = 1.58324242e-02
# iteration   330: delta_max = 9.09700067e-04: time = 1.57980919e-02
# iteration   331: delta_max = 9.03666354e-04: time = 1.69064999e-02
# iteration   332: delta_max = 8.93493311e-04: time = 1.59499645e-02
# iteration   333: delta_max = 8.92466445e-04: time = 1.60923004e-02
# iteration   334: delta_max = 8.64659019e-04: time = 1.60722733e-02
# iteration   335: delta_max = 8.49378212e-04: time = 1.60822868e-02
# iteration   336: delta_max = 8.33003480e-04: time = 1.60188675e-02
# iteration   337: delta_max = 8.06741548e-04: time = 1.61204338e-02
# iteration   338: delta_max = 8.04987571e-04: time = 1.78086758e-02
# iteration   339: delta_max = 8.03724766e-04: time = 1.59962177e-02
# iteration   340: delta_max = 7.77048138e-04: time = 1.92193985e-02
# iteration   341: delta_max = 7.62785414e-04: time = 9.58204269e-03
# iteration   342: delta_max = 7.58214140e-04: time = 2.16529369e-02
# iteration   343: delta_max = 7.50802946e-04: time = 1.67202950e-02
# iteration   344: delta_max = 7.46113196e-04: time = 1.61290169e-02
# iteration   345: delta_max = 7.44653256e-04: time = 1.67980194e-02
# iteration   346: delta_max = 7.33271952e-04: time = 1.59621239e-02
# iteration   347: delta_max = 7.20072966e-04: time = 9.79304314e-03
# iteration   348: delta_max = 7.06945507e-04: time = 2.18188763e-02
# iteration   349: delta_max = 6.93381345e-04: time = 1.76069736e-02
# iteration   350: delta_max = 6.91405754e-04: time = 1.62343979e-02
# iteration   351: delta_max = 6.90225922e-04: time = 1.62358284e-02
# iteration   352: delta_max = 6.80539451e-04: time = 9.67121124e-03
# iteration   353: delta_max = 6.72541128e-04: time = 2.10347176e-02
# iteration   354: delta_max = 6.70765854e-04: time = 1.59945488e-02
# iteration   355: delta_max = 6.55000471e-04: time = 1.77304745e-02
# iteration   356: delta_max = 6.51221266e-04: time = 1.63221359e-02
# iteration   357: delta_max = 6.44468784e-04: time = 1.60167217e-02
# iteration   358: delta_max = 6.32438032e-04: time = 1.62138939e-02
# iteration   359: delta_max = 6.07889594e-04: time = 1.65326595e-02
# iteration   360: delta_max = 6.07778832e-04: time = 1.78985596e-02
# iteration   361: delta_max = 6.02697260e-04: time = 1.63209438e-02
# iteration   362: delta_max = 5.87355816e-04: time = 1.64475441e-02
# iteration   363: delta_max = 5.87202794e-04: time = 1.77440643e-02
# iteration   364: delta_max = 5.77440841e-04: time = 1.59313679e-02
# iteration   365: delta_max = 5.72274539e-04: time = 1.60849094e-02
# iteration   366: delta_max = 5.68992883e-04: time = 1.62770748e-02
# iteration   367: delta_max = 5.68171888e-04: time = 1.76880360e-02
# iteration   368: delta_max = 5.62149261e-04: time = 1.53491497e-02
# iteration   369: delta_max = 5.33268323e-04: time = 1.79641247e-02
# iteration   370: delta_max = 5.28009100e-04: time = 1.62115097e-02
# iteration   371: delta_max = 5.27896266e-04: time = 1.86200142e-02
# iteration   372: delta_max = 5.22126093e-04: time = 1.62053108e-02
# iteration   373: delta_max = 5.19478110e-04: time = 1.77748203e-02
# iteration   374: delta_max = 5.13988497e-04: time = 2.43875980e-02
# iteration   375: delta_max = 5.00683638e-04: time = 1.62615776e-02
# iteration   376: delta_max = 4.91997934e-04: time = 1.56939030e-02
# iteration   377: delta_max = 4.88171610e-04: time = 1.61862373e-02
# iteration   378: delta_max = 4.87384796e-04: time = 1.60388947e-02
# iteration   379: delta_max = 4.78074715e-04: time = 1.64630413e-02
# iteration   380: delta_max = 4.74343072e-04: time = 1.63214207e-02
# iteration   381: delta_max = 4.68212056e-04: time = 1.59542561e-02
# iteration   382: delta_max = 4.54777508e-04: time = 1.62758827e-02
# iteration   383: delta_max = 4.53096817e-04: time = 1.67992115e-02
# iteration   384: delta_max = 4.50558478e-04: time = 1.66378021e-02
# iteration   385: delta_max = 4.34315065e-04: time = 1.69861317e-02
# iteration   386: delta_max = 4.21945859e-04: time = 1.62103176e-02
# iteration   387: delta_max = 4.18617482e-04: time = 8.80074501e-03
# iteration   388: delta_max = 4.10158136e-04: time = 1.46403313e-02
# iteration   389: delta_max = 4.05777743e-04: time = 1.71802044e-02
# iteration   390: delta_max = 4.03825114e-04: time = 2.55060196e-02
# iteration   391: delta_max = 4.00607370e-04: time = 1.62725449e-02
# iteration   392: delta_max = 3.90951126e-04: time = 1.69987679e-02
# iteration   393: delta_max = 3.90169163e-04: time = 1.80294514e-02
# iteration   394: delta_max = 3.83852952e-04: time = 1.62222385e-02
# iteration   395: delta_max = 3.76274839e-04: time = 1.63421631e-02
# iteration   396: delta_max = 3.76238408e-04: time = 2.28581429e-02
# iteration   397: delta_max = 3.71853682e-04: time = 1.57823563e-02
# iteration   398: delta_max = 3.71764703e-04: time = 1.62467957e-02
# iteration   399: delta_max = 3.71023813e-04: time = 1.51591301e-02
# iteration   400: delta_max = 3.55862465e-04: time = 1.76968575e-02
# iteration   401: delta_max = 3.43822124e-04: time = 1.51147842e-02
# iteration   402: delta_max = 3.37243930e-04: time = 1.66563988e-02
# iteration   403: delta_max = 3.29186586e-04: time = 1.76072121e-02
# iteration   404: delta_max = 3.27035704e-04: time = 1.65297985e-02
# iteration   405: delta_max = 3.23986467e-04: time = 1.56478882e-02
# iteration   406: delta_max = 3.19950723e-04: time = 1.60264969e-02
# iteration   407: delta_max = 3.14060143e-04: time = 1.60834789e-02
# iteration   408: delta_max = 3.06333946e-04: time = 1.66885853e-02
# iteration   409: delta_max = 3.05873177e-04: time = 1.70183182e-02
# iteration   410: delta_max = 2.99144182e-04: time = 1.50914192e-02
# iteration   411: delta_max = 2.96982131e-04: time = 1.62651539e-02
# iteration   412: delta_max = 2.95694114e-04: time = 1.62649155e-02
# iteration   413: delta_max = 2.87838276e-04: time = 1.61719322e-02
# iteration   414: delta_max = 2.87351592e-04: time = 1.49426460e-02
# iteration   415: delta_max = 2.87054507e-04: time = 1.74894333e-02
# iteration   416: delta_max = 2.85830803e-04: time = 1.56064034e-02
# iteration   417: delta_max = 2.70935546e-04: time = 1.62034035e-02
# iteration   418: delta_max = 2.70011586e-04: time = 1.63066387e-02
# iteration   419: delta_max = 2.51351705e-04: time = 1.60884857e-02
# iteration   420: delta_max = 2.48269607e-04: time = 1.65166855e-02
# iteration   421: delta_max = 2.46295486e-04: time = 1.95708275e-02
# iteration   422: delta_max = 2.30567248e-04: time = 1.65009499e-02
# iteration   423: delta_max = 2.27620970e-04: time = 1.64468288e-02
# iteration   424: delta_max = 2.24705301e-04: time = 1.63528919e-02
# iteration   425: delta_max = 2.12326848e-04: time = 1.64606571e-02
# iteration   426: delta_max = 2.11561350e-04: time = 1.55608654e-02
# iteration   427: delta_max = 2.07359177e-04: time = 1.63016319e-02
# iteration   428: delta_max = 1.94048765e-04: time = 1.66952610e-02
# iteration   429: delta_max = 1.90670563e-04: time = 1.63192749e-02
# iteration   430: delta_max = 1.87296553e-04: time = 1.54466629e-02
# iteration   431: delta_max = 1.78773797e-04: time = 1.74400806e-02
# iteration   432: delta_max = 1.72705094e-04: time = 1.72803402e-02
# iteration   433: delta_max = 1.71928048e-04: time = 1.85756683e-02
# iteration   434: delta_max = 1.67801133e-04: time = 1.58181190e-02
# iteration   435: delta_max = 1.63740020e-04: time = 1.63688660e-02
# iteration   436: delta_max = 1.63698183e-04: time = 1.62601471e-02
# iteration   437: delta_max = 1.62319651e-04: time = 1.64597034e-02
# iteration   438: delta_max = 1.60694436e-04: time = 1.89876556e-02
# iteration   439: delta_max = 1.58693551e-04: time = 1.60031319e-02
# iteration   440: delta_max = 1.44701642e-04: time = 1.78253651e-02
# iteration   441: delta_max = 1.44470142e-04: time = 2.22532749e-02
# iteration   442: delta_max = 1.41264825e-04: time = 1.55677795e-02
# iteration   443: delta_max = 1.39204623e-04: time = 1.63276196e-02
# iteration   444: delta_max = 1.34974009e-04: time = 1.63354874e-02
# iteration   445: delta_max = 1.34386268e-04: time = 1.62601471e-02
# iteration   446: delta_max = 1.24997640e-04: time = 1.62556171e-02
# iteration   447: delta_max = 1.21207498e-04: time = 1.84764862e-02
# iteration   448: delta_max = 1.19000009e-04: time = 2.05368996e-02
# iteration   449: delta_max = 1.18836469e-04: time = 1.56698227e-02
# iteration   450: delta_max = 1.11180559e-04: time = 2.24359035e-02
# iteration   451: delta_max = 1.09606707e-04: time = 1.60953999e-02
# iteration   452: delta_max = 1.03441373e-04: time = 1.58729553e-02
# iteration   453: delta_max = 9.89892188e-05: time = 1.64773464e-02
# iteration   454: delta_max = 9.56352349e-05: time = 1.61933899e-02
# iteration   455: delta_max = 9.23703781e-05: time = 1.89218521e-02
# iteration   456: delta_max = 8.92166793e-05: time = 1.53443813e-02
# iteration   457: delta_max = 8.57729706e-05: time = 1.59895420e-02
# iteration   458: delta_max = 8.47901523e-05: time = 1.54135227e-02
# iteration   459: delta_max = 8.29856759e-05: time = 1.51143074e-02
# iteration   460: delta_max = 8.00442908e-05: time = 1.60574913e-02
# iteration   461: delta_max = 7.98215456e-05: time = 2.01458931e-02
# iteration   462: delta_max = 7.65996187e-05: time = 1.60233974e-02
# iteration   463: delta_max = 7.52522836e-05: time = 1.65183544e-02
# iteration   464: delta_max = 7.33414446e-05: time = 1.75726414e-02
# iteration   465: delta_max = 6.94883413e-05: time = 1.61051750e-02
# iteration   466: delta_max = 6.92789448e-05: time = 1.73361301e-02
# iteration   467: delta_max = 6.84486004e-05: time = 1.78084373e-02
# iteration   468: delta_max = 6.07308877e-05: time = 9.77706909e-03
# iteration   469: delta_max = 5.98889283e-05: time = 2.46334076e-02
# iteration   470: delta_max = 5.88986635e-05: time = 1.64999962e-02
# iteration   471: delta_max = 5.47613884e-05: time = 1.79123878e-02
# iteration   472: delta_max = 5.31813576e-05: time = 1.64213181e-02
# iteration   473: delta_max = 4.97907126e-05: time = 1.68378353e-02
# iteration   474: delta_max = 4.87177551e-05: time = 2.17075348e-02
# iteration   475: delta_max = 4.50066226e-05: time = 1.56686306e-02
# iteration   476: delta_max = 4.41126160e-05: time = 1.61232948e-02
# iteration   477: delta_max = 4.25884389e-05: time = 1.64260864e-02
# iteration   478: delta_max = 4.22450618e-05: time = 1.63969994e-02
# iteration   479: delta_max = 4.08355107e-05: time = 1.54354572e-02
# iteration   480: delta_max = 4.05946113e-05: time = 1.61161423e-02
# iteration   481: delta_max = 3.98735714e-05: time = 1.64744854e-02
# iteration   482: delta_max = 3.95770591e-05: time = 1.65145397e-02
# iteration   483: delta_max = 3.90378040e-05: time = 1.87337399e-02
# iteration   484: delta_max = 3.74027981e-05: time = 1.55289173e-02
# iteration   485: delta_max = 3.72383108e-05: time = 1.59211159e-02
# iteration   486: delta_max = 3.52080037e-05: time = 1.64926052e-02
# iteration   487: delta_max = 3.47241894e-05: time = 2.02043056e-02
# iteration   488: delta_max = 3.44116680e-05: time = 1.54731274e-02
# iteration   489: delta_max = 3.43829753e-05: time = 1.56292915e-02
# iteration   490: delta_max = 3.43808607e-05: time = 9.09304619e-03
# iteration   491: delta_max = 3.41625953e-05: time = 2.01897621e-02
# iteration   492: delta_max = 3.39681171e-05: time = 1.97634697e-02
# iteration   493: delta_max = 3.31300018e-05: time = 1.48379803e-02
# iteration   494: delta_max = 3.31120876e-05: time = 1.54325962e-02
# iteration   495: delta_max = 3.27760685e-05: time = 1.64849758e-02
# iteration   496: delta_max = 3.26862296e-05: time = 2.38425732e-02
# iteration   497: delta_max = 3.24551189e-05: time = 1.51877403e-02
# iteration   498: delta_max = 3.24512723e-05: time = 1.61850452e-02
# iteration   499: delta_max = 3.22918006e-05: time = 1.61643028e-02
# iteration   500: delta_max = 3.21492972e-05: time = 2.18605995e-02
# iteration   501: delta_max = 3.21211356e-05: time = 2.43020058e-02
# iteration   502: delta_max = 2.97808047e-05: time = 1.72090530e-02
# iteration   503: delta_max = 2.92188544e-05: time = 1.83148384e-02
# iteration   504: delta_max = 2.91666817e-05: time = 9.22107697e-03
# iteration   505: delta_max = 2.76508839e-05: time = 2.00536251e-02
# iteration   506: delta_max = 2.72148309e-05: time = 1.55246258e-02
# iteration   507: delta_max = 2.71657456e-05: time = 1.63843632e-02
# iteration   508: delta_max = 2.70136261e-05: time = 1.10018253e-02
# iteration   509: delta_max = 2.68320966e-05: time = 2.01416016e-02
# iteration   510: delta_max = 2.65983491e-05: time = 1.55887604e-02
# iteration   511: delta_max = 2.61974673e-05: time = 1.65100098e-02
# iteration   512: delta_max = 2.57992589e-05: time = 1.68092251e-02
# iteration   513: delta_max = 2.57503693e-05: time = 1.52599812e-02
# iteration   514: delta_max = 2.51450335e-05: time = 1.66935921e-02
# iteration   515: delta_max = 2.51299363e-05: time = 1.71639919e-02
# iteration   516: delta_max = 2.41853121e-05: time = 1.62441730e-02
# iteration   517: delta_max = 2.34941284e-05: time = 1.56457424e-02
# iteration   518: delta_max = 2.33618240e-05: time = 1.92534924e-02
# iteration   519: delta_max = 2.33039984e-05: time = 1.64208412e-02
# iteration   520: delta_max = 2.32739752e-05: time = 1.54793262e-02
# iteration   521: delta_max = 2.32457574e-05: time = 1.52883530e-02
# iteration   522: delta_max = 2.30699402e-05: time = 1.63547993e-02
# iteration   523: delta_max = 2.30598935e-05: time = 1.54047012e-02
# iteration   524: delta_max = 2.30522184e-05: time = 1.58917904e-02
# iteration   525: delta_max = 2.30376295e-05: time = 1.65185928e-02
# iteration   526: delta_max = 2.28626682e-05: time = 1.54926777e-02
# iteration   527: delta_max = 2.28544927e-05: time = 1.54736042e-02
# iteration   528: delta_max = 2.23762562e-05: time = 1.87714100e-02
# iteration   529: delta_max = 2.21805971e-05: time = 1.55901909e-02
# iteration   530: delta_max = 2.20448796e-05: time = 1.79514885e-02
# iteration   531: delta_max = 2.17301635e-05: time = 1.60017014e-02
# iteration   532: delta_max = 2.13518676e-05: time = 1.64828300e-02
# iteration   533: delta_max = 2.13261317e-05: time = 1.45258904e-02
# iteration   534: delta_max = 2.10055242e-05: time = 1.52897835e-02
# iteration   535: delta_max = 2.08621708e-05: time = 1.54495239e-02
# iteration   536: delta_max = 2.07360619e-05: time = 1.59480572e-02
# iteration   537: delta_max = 1.98338007e-05: time = 1.63409710e-02
# iteration   538: delta_max = 1.94944929e-05: time = 1.63676739e-02
# iteration   539: delta_max = 1.92973870e-05: time = 9.24038887e-03
# iteration   540: delta_max = 1.87724495e-05: time = 2.37581730e-02
# iteration   541: delta_max = 1.78616097e-05: time = 1.51846409e-02
# iteration   542: delta_max = 1.71105375e-05: time = 1.66699886e-02
# iteration   543: delta_max = 1.68143864e-05: time = 1.60899162e-02
# iteration   544: delta_max = 1.66144656e-05: time = 1.64775848e-02
# iteration   545: delta_max = 1.63913818e-05: time = 1.55215263e-02
# iteration   546: delta_max = 1.58885080e-05: time = 1.78489685e-02
# iteration   547: delta_max = 1.55561267e-05: time = 1.64880753e-02
# iteration   548: delta_max = 1.48944582e-05: time = 2.43511200e-02
# iteration   549: delta_max = 1.47346683e-05: time = 1.55668259e-02
# iteration   550: delta_max = 1.44431148e-05: time = 1.64778233e-02
# iteration   551: delta_max = 1.43156968e-05: time = 1.63097382e-02
# iteration   552: delta_max = 1.39697843e-05: time = 1.69405937e-02
# iteration   553: delta_max = 1.34493296e-05: time = 1.57597065e-02
# iteration   554: delta_max = 1.29960195e-05: time = 1.65188313e-02
# iteration   555: delta_max = 1.26580361e-05: time = 1.64492130e-02
# iteration   556: delta_max = 1.13121470e-05: time = 1.95291042e-02
# iteration   557: delta_max = 1.11486780e-05: time = 1.71537399e-02
# iteration   558: delta_max = 1.09095957e-05: time = 1.54669285e-02
# iteration   559: delta_max = 1.07221266e-05: time = 1.75540447e-02
# iteration   560: delta_max = 1.02841865e-05: time = 1.52895451e-02
# iteration   561: delta_max = 1.02757649e-05: time = 1.61116123e-02
# iteration   562: delta_max = 1.01314564e-05: time = 1.93357468e-02
# iteration   563: delta_max = 1.00020910e-05: time = 1.60508156e-02
# iteration   564: delta_max = 9.99470883e-06: time = 1.54714584e-02
 # Orthogonalising Cholesky vectors.
 # Time to orthogonalise: 0.191154
# Preparing MSD wf
# MSD prepared with 10 determinants
# random seed is 1
# Using pair_branch population control algorithm.
# target weight is 2
# total weight is 2
# ipie version: 0.7.1
# Calculation uuid: c3c71faa-a41f-11ef-8f88-0040a6847ae2.
# Approximate memory available per node: 251.3267 GB.
# Running on 1 MPI rank.
# Root processor name: nid001289
# Python interpreter: 3.10.12 (main, Sep 11 2024, 15:47:36) [GCC 11.4.0]
# Using numpy v1.24.4 from: /global/homes/z/zohim/.local/lib/python3.10/site-packages/numpy.
# - BLAS lib: openblas64_ openblas64_
# - BLAS dir: /usr/local/lib
# Using scipy v1.14.1 from: /global/homes/z/zohim/.local/lib/python3.10/site-packages/scipy.
# Using h5py v3.11.0 from: /global/homes/z/zohim/.local/lib/python3.10/site-packages/h5py.
# Using mpi4py v3.1.6 from: /usr/local/lib/python3.10/dist-packages/mpi4py.
# - mpicc: /usr/local/openmpi/bin/mpicc
# Package cupy not found.
# MPI communicator : <class 'mpi4py.MPI.Intracomm'>
# Available memory on the node is 251.327 GB
# Setting up estimator object.
# Writing estimator data to afqmc_data_10q.h5
# Finished settting up estimator object.
            Block                   Weight            WeightFactor            HybridEnergy                  ENumer                  EDenom                  ETotal                  E1Body                  E2Body
                0   2.0000000000000000e+00  2.0000000000000000e+00  0.0000000000000000e+00 -4.2474080258131607e+03  2.0000000000000000e+00 -2.1237040129065804e+03 -4.6822536434451204e+03  2.5585496305385400e+03
                1   6.0699957279225447e-01  4.1986560000000006e-01 -1.1625307570372927e+03 -4.2475656404786541e+03  2.0000000000000000e+00 -2.1237828202393271e+03 -4.6823243870597407e+03  2.5585415668204137e+03
                2   4.0002555441556731e-01  1.3427553872866907e-04 -1.1615374621742885e+03 -4.2476902095171790e+03  1.9999999999999998e+00 -2.1238451047585900e+03 -4.6823971859270850e+03  2.5585520811684951e+03
# Warning: Total weight is 8.06573405e-09
# Something is seriously wrong.
ValueError
srun: error: nid001289: task 0: Exited with exit code 1
srun: Terminating StepId=32977557.0
