# Start Hartree-Fock computation
# Start CAS computation
# Nelder-Mead, 1
# Set target nvidia with options mqpu
# num gpus= 4
# Initial energy:  -221.2169238161456
# Start VQE minimization
# Num params: 8
# Qubits: 10
# N_layers: 1
# Energy after the VQE: -221.38786344621604
# Time for VQE [min]: 0.31428625583648684
# Start Hartree-Fock computation
# Start CAS computation
# Nelder-Mead, 1
# Set target nvidia with options mqpu
# num gpus= 4
# Initial energy:  -221.21692381614557
# Start VQE minimization
# Num params: 8
# Qubits: 10
# N_layers: 1
# Energy after the VQE: -221.38786344621604
# Time for VQE [min]: 0.3142175436019897
# Start Hartree-Fock computation
# Start CAS computation
# Nelder-Mead, 1
# Set target nvidia with options mqpu
# num gpus= 4
# Initial energy:  -221.21692381614562
# Start VQE minimization
# Num params: 8
# Qubits: 10
# N_layers: 1
# Energy after the VQE: -221.38786344621616
# Time for VQE [min]: 0.3130660653114319
TypeError: expected str, bytes or os.PathLike object, not NoneType
TypeError: expected str, bytes or os.PathLike object, not NoneType
TypeError: expected str, bytes or os.PathLike object, not NoneType
# Start Hartree-Fock computation
# Start CAS computation
# Nelder-Mead, 1
# Set target nvidia with options mqpu
# num gpus= 4
# Initial energy:  -221.2169238161458
# Start VQE minimization
# Num params: 8
# Qubits: 10
# N_layers: 1
# Energy after the VQE: -221.38786344621627
# Time for VQE [min]: 0.3136881907780965
# random seed is 1
            Block                   Weight            WeightFactor            HybridEnergy                  ENumer                  EDenom                  ETotal                  E1Body                  E2Body
                0   4.0000000000000000e+02  4.0000000000000000e+02  0.0000000000000000e+00 -8.8555803644681757e+04  4.0000000000000000e+02 -2.2138950911170440e+02 -3.7463719370401662e+02  1.5324768459231220e+02
                1   1.5733675472265725e+03  5.2896708731201179e+03 -1.1217297149768886e+02 -8.8567860304908158e+04  4.0000000000000000e+02 -2.2141965076227041e+02 -3.7464540874333949e+02  1.5322575798106911e+02
                2   4.0004868619724164e+02  1.3933283863518966e+03 -1.1219418629190642e+02 -8.8579131351844931e+04  3.9999999999999994e+02 -2.2144782837961236e+02 -3.7464956451653347e+02  1.5320173613692108e+02
                3   4.0003521131590787e+02  4.0014746671408000e+02 -1.1221642626225812e+02 -8.8585532697257149e+04  4.0000000000000000e+02 -2.2146383174314289e+02 -3.7466048223526292e+02  1.5319665049212000e+02
                4   4.0000615008083918e+02  4.0002007240321109e+02 -1.1222212978828794e+02 -8.8590954472852813e+04  4.0000000000000000e+02 -2.2147738618213202e+02 -3.7466923679234810e+02  1.5319185061021608e+02
                5   4.0000094637624431e+02  4.0001766249725046e+02 -1.1223561174636228e+02 -8.8596686123139109e+04  4.0000000000000000e+02 -2.2149171530784778e+02 -3.7468225118976801e+02  1.5319053588192025e+02
                6   4.0002673290796287e+02  4.0006935837599565e+02 -1.1225726761783230e+02 -8.8599917336058061e+04  4.0000000000000000e+02 -2.2149979334014515e+02 -3.7468839845221765e+02  1.5318860511207254e+02
                7   3.9995820177689473e+02  3.9989518311392777e+02 -1.1225639516264252e+02 -8.8599129973288334e+04  4.0000000000000000e+02 -2.2149782493322084e+02 -3.7469398711196601e+02  1.5319616217874520e+02
                8   3.9995308510595351e+02  3.9988466338710060e+02 -1.1226684460831912e+02 -8.8607622967672287e+04  4.0000000000000000e+02 -2.2151905741918071e+02 -3.7471085904607014e+02  1.5319180162688946e+02
                9   4.0000464130702147e+02  3.9994587977221278e+02 -1.1228437362621881e+02 -8.8609410690824821e+04  3.9999999999999994e+02 -2.2152352672706209e+02 -3.7470665945109278e+02  1.5318313272403071e+02
               10   3.9990648868350468e+02  3.9985337733812429e+02 -1.1228069913455649e+02 -8.8606424032621624e+04  4.0000000000000000e+02 -2.2151606008155406e+02 -3.7470247968989128e+02  1.5318641960833725e+02
1
2
srun: error: nid001368: task 1: Exited with exit code 1
srun: Terminating StepId=31903182.0
slurmstepd: error: *** STEP 31903182.0 ON nid001368 CANCELLED AT 2024-10-15T16:13:25 ***
srun: error: nid001368: tasks 2-3: Exited with exit code 1
