# Start Hartree-Fock computation
# Start CAS computation
# Nelder-Mead, 1
# Set target nvidia with options mqpu
# num gpus= 4
# Initial energy:  -221.21692381614594
# Start VQE minimization
# Num params: 8
# Qubits: 10
# N_layers: 1
# Energy after the VQE: -221.3878644791829
# Time for VQE [min]: 0.21969031890233356
TypeError: Argument 'b' has incorrect type (expected cupy._core.core._ndarray_base, got numpy.ndarray)
# Start Hartree-Fock computation
# Start CAS computation
# Nelder-Mead, 1
# Set target nvidia with options mqpu
# num gpus= 4
# Initial energy:  -221.21692381614594
# Start VQE minimization
# Num params: 8
# Qubits: 10
# N_layers: 1
# Energy after the VQE: -221.38786344621647
# Time for VQE [min]: 0.3258943915367126
TypeError: Argument 'b' has incorrect type (expected cupy._core.core._ndarray_base, got numpy.ndarray)
# Start Hartree-Fock computation
# Start CAS computation
# Nelder-Mead, 1
# Set target nvidia with options mqpu
# num gpus= 4
# Initial energy:  -221.21692381614577
# Start VQE minimization
# Num params: 8
# Qubits: 10
# N_layers: 1
# Energy after the VQE: -221.38786447918287
# Time for VQE [min]: 0.325618843237559
TypeError: Argument 'b' has incorrect type (expected cupy._core.core._ndarray_base, got numpy.ndarray)
# Start Hartree-Fock computation
# Start CAS computation
# Nelder-Mead, 1
# Set target nvidia with options mqpu
# num gpus= 4
# Initial energy:  -221.2169238161458
# Start VQE minimization
# Num params: 8
# Qubits: 10
# N_layers: 1
# Energy after the VQE: -221.38786344621633
# Time for VQE [min]: 0.29765925407409666
TypeError: Argument 'b' has incorrect type (expected cupy._core.core._ndarray_base, got numpy.ndarray)
srun: error: nid001272: task 3: Exited with exit code 1
srun: Terminating StepId=31903309.0
srun: error: nid001272: tasks 0-2: Exited with exit code 1
