# Start Hartree-Fock computation
# Start CAS computation
# Nelder-Mead, 1
# Set target nvidia with options mqpu
# num gpus= 4
# Initial energy:  -221.2169238161457
# Start VQE minimization
# Num params: 8
# Qubits: 10
# N_layers: 1
# Energy after the VQE: -221.3878644791828
# Time for VQE [min]: 0.3106951316197713
# Start Hartree-Fock computation
# Start CAS computation
# Nelder-Mead, 1
# Set target nvidia with options mqpu
# num gpus= 4
# Initial energy:  -221.21692381614562
# Start VQE minimization
# Num params: 8
# Qubits: 10
# N_layers: 1
# Energy after the VQE: -221.38786344621616
# Time for VQE [min]: 0.3117924451828003
TypeError: Argument 'b' has incorrect type (expected cupy._core.core._ndarray_base, got numpy.ndarray)
TypeError: Argument 'b' has incorrect type (expected cupy._core.core._ndarray_base, got numpy.ndarray)
# Start Hartree-Fock computation
# Start CAS computation
# Nelder-Mead, 1
# Set target nvidia with options mqpu
# num gpus= 4
# Initial energy:  -221.21692381614577
# Start VQE minimization
# Num params: 8
# Qubits: 10
# N_layers: 1
# Energy after the VQE: -221.3878644791828
# Time for VQE [min]: 0.3118376572926839
TypeError: Argument 'b' has incorrect type (expected cupy._core.core._ndarray_base, got numpy.ndarray)
# Start Hartree-Fock computation
# Start CAS computation
# Nelder-Mead, 1
# Set target nvidia with options mqpu
# num gpus= 4
# Initial energy:  -221.21692381614577
# Start VQE minimization
# Num params: 8
# Qubits: 10
# N_layers: 1
# Energy after the VQE: -221.38786344621624
# Time for VQE [min]: 0.3178903222084045
TypeError: Argument 'b' has incorrect type (expected cupy._core.core._ndarray_base, got numpy.ndarray)
srun: error: nid001309: task 1: Exited with exit code 1
srun: Terminating StepId=31903412.0
slurmstepd: error: *** STEP 31903412.0 ON nid001309 CANCELLED AT 2024-10-15T16:27:42 ***
srun: error: nid001309: tasks 0,2-3: Exited with exit code 1
