# Start Hartree-Fock computation
# Start CAS computation
# Nelder-Mead, 1
# Set target nvidia with options mqpu
# num gpus= 4
# Initial energy:  -221.21692381614557
# Start VQE minimization
# Num params: 8
# Qubits: 10
# N_layers: 1
# Energy after the VQE: -221.38786344621613
# Time for VQE [min]: 0.31681126753489175
# Start Hartree-Fock computation
# Start CAS computation
# Nelder-Mead, 1
# Set target nvidia with options mqpu
# num gpus= 4
# Initial energy:  -221.21692381614577
# Start VQE minimization
# Num params: 8
# Qubits: 10
# N_layers: 1
# Energy after the VQE: -221.3878634462163
# Time for VQE [min]: 0.31939194599787396
TypeError: Argument 'b' has incorrect type (expected cupy._core.core._ndarray_base, got numpy.ndarray)
TypeError: Argument 'b' has incorrect type (expected cupy._core.core._ndarray_base, got numpy.ndarray)
# Start Hartree-Fock computation
# Start CAS computation
# Nelder-Mead, 1
# Set target nvidia with options mqpu
# num gpus= 4
# Initial energy:  -221.2169238161459
# Start VQE minimization
# Num params: 8
# Qubits: 10
# N_layers: 1
# Energy after the VQE: -221.38786447918295
# Time for VQE [min]: 0.31298603614171344
TypeError: Argument 'b' has incorrect type (expected cupy._core.core._ndarray_base, got numpy.ndarray)
# Start Hartree-Fock computation
# Start CAS computation
# Nelder-Mead, 1
# Set target nvidia with options mqpu
# num gpus= 4
# Initial energy:  -221.21692381614577
# Start VQE minimization
# Num params: 8
# Qubits: 10
# N_layers: 1
# Energy after the VQE: -221.38786447918278
# Time for VQE [min]: 0.3259524981180827
TypeError: Argument 'b' has incorrect type (expected cupy._core.core._ndarray_base, got numpy.ndarray)
srun: error: nid001576: tasks 0,2: Exited with exit code 1
srun: Terminating StepId=31909286.0
slurmstepd: error: *** STEP 31909286.0 ON nid001576 CANCELLED AT 2024-10-15T19:41:37 ***
srun: error: nid001576: tasks 1,3: Exited with exit code 1
